2022-11-06 14:53:25.421 [info] Extension host with pid 5253 started
2022-11-06 14:53:25.439 [info] Lock '/root/.vscode-server/data/User/workspaceStorage/975c43559167303c51ed537741b2a536/vscode.lock': Lock acquired.
2022-11-06 14:53:25.477 [info] ExtensionService#_doActivateExtension vscode.git-base, startup: true, activationEvent: '*', root cause: vscode.git
2022-11-06 14:53:25.582 [info] ExtensionService#_doActivateExtension vscode.git, startup: true, activationEvent: '*'
2022-11-06 14:53:25.582 [info] ExtensionService#_doActivateExtension vscode.github, startup: true, activationEvent: '*'
2022-11-06 14:53:25.806 [info] ExtensionService#_doActivateExtension vscode.debug-auto-launch, startup: false, activationEvent: 'onStartupFinished'
2022-11-06 14:53:25.806 [info] ExtensionService#_doActivateExtension vscode.emmet, startup: false, activationEvent: 'onStartupFinished'
2022-11-06 14:53:25.806 [info] ExtensionService#_doActivateExtension vscode.merge-conflict, startup: false, activationEvent: 'onStartupFinished'
2022-11-06 14:53:25.807 [info] ExtensionService#_doActivateExtension vscode.npm, startup: false, activationEvent: 'onStartupFinished', root cause: esbenp.prettier-vscode
2022-11-06 14:53:25.807 [info] Eager extensions activated
2022-11-06 14:53:26.207 [info] ExtensionService#_doActivateExtension esbenp.prettier-vscode, startup: false, activationEvent: 'onStartupFinished'
2022-11-06 14:54:53.677 [info] ExtensionService#_doActivateExtension NomicFoundation.hardhat-solidity, startup: false, activationEvent: 'onLanguage:solidity'
2022-11-06 14:54:55.391 [error] Error: Language client is not ready yet
	at LanguageClient2.sendRequest (/root/.vscode-server/extensions/nomicfoundation.hardhat-solidity-0.5.5/client/out/extension.js:1670:72331)
	at updateHardhatProjectLanguageItem (/root/.vscode-server/extensions/nomicfoundation.hardhat-solidity-0.5.5/client/out/extension.js:1676:8331)
	at /root/.vscode-server/extensions/nomicfoundation.hardhat-solidity-0.5.5/client/out/extension.js:1676:13158
	at h.invoke (/root/.vscode-server/bin/8fa188b2b301d36553cbc9ce1b0a146ccb93351f/out/vs/workbench/api/node/extensionHostProcess.js:61:145)
	at v.deliver (/root/.vscode-server/bin/8fa188b2b301d36553cbc9ce1b0a146ccb93351f/out/vs/workbench/api/node/extensionHostProcess.js:61:2266)
	at g.fire (/root/.vscode-server/bin/8fa188b2b301d36553cbc9ce1b0a146ccb93351f/out/vs/workbench/api/node/extensionHostProcess.js:61:1844)
	at /root/.vscode-server/bin/8fa188b2b301d36553cbc9ce1b0a146ccb93351f/out/vs/workbench/api/node/extensionHostProcess.js:94:178868
	at h.invoke (/root/.vscode-server/bin/8fa188b2b301d36553cbc9ce1b0a146ccb93351f/out/vs/workbench/api/node/extensionHostProcess.js:61:145)
	at v.deliver (/root/.vscode-server/bin/8fa188b2b301d36553cbc9ce1b0a146ccb93351f/out/vs/workbench/api/node/extensionHostProcess.js:61:2266)
	at g.fire (/root/.vscode-server/bin/8fa188b2b301d36553cbc9ce1b0a146ccb93351f/out/vs/workbench/api/node/extensionHostProcess.js:61:1844)
	at v.acceptDocumentsAndEditorsDelta (/root/.vscode-server/bin/8fa188b2b301d36553cbc9ce1b0a146ccb93351f/out/vs/workbench/api/node/extensionHostProcess.js:94:16031)
	at v.$acceptDocumentsAndEditorsDelta (/root/.vscode-server/bin/8fa188b2b301d36553cbc9ce1b0a146ccb93351f/out/vs/workbench/api/node/extensionHostProcess.js:94:14120)
	at l._doInvokeHandler (/root/.vscode-server/bin/8fa188b2b301d36553cbc9ce1b0a146ccb93351f/out/vs/workbench/api/node/extensionHostProcess.js:102:13680)
	at l._invokeHandler (/root/.vscode-server/bin/8fa188b2b301d36553cbc9ce1b0a146ccb93351f/out/vs/workbench/api/node/extensionHostProcess.js:102:13362)
	at l._receiveRequest (/root/.vscode-server/bin/8fa188b2b301d36553cbc9ce1b0a146ccb93351f/out/vs/workbench/api/node/extensionHostProcess.js:102:12132)
	at l._receiveOneMessage (/root/.vscode-server/bin/8fa188b2b301d36553cbc9ce1b0a146ccb93351f/out/vs/workbench/api/node/extensionHostProcess.js:102:10834)
	at /root/.vscode-server/bin/8fa188b2b301d36553cbc9ce1b0a146ccb93351f/out/vs/workbench/api/node/extensionHostProcess.js:102:8941
	at h.invoke (/root/.vscode-server/bin/8fa188b2b301d36553cbc9ce1b0a146ccb93351f/out/vs/workbench/api/node/extensionHostProcess.js:61:145)
	at v.deliver (/root/.vscode-server/bin/8fa188b2b301d36553cbc9ce1b0a146ccb93351f/out/vs/workbench/api/node/extensionHostProcess.js:61:2266)
	at g.fire (/root/.vscode-server/bin/8fa188b2b301d36553cbc9ce1b0a146ccb93351f/out/vs/workbench/api/node/extensionHostProcess.js:61:1844)
	at r.fire (/root/.vscode-server/bin/8fa188b2b301d36553cbc9ce1b0a146ccb93351f/out/vs/workbench/api/node/extensionHostProcess.js:70:16515)
	at /root/.vscode-server/bin/8fa188b2b301d36553cbc9ce1b0a146ccb93351f/out/vs/workbench/api/node/extensionHostProcess.js:118:17104
	at h.invoke (/root/.vscode-server/bin/8fa188b2b301d36553cbc9ce1b0a146ccb93351f/out/vs/workbench/api/node/extensionHostProcess.js:61:145)
	at v.deliver (/root/.vscode-server/bin/8fa188b2b301d36553cbc9ce1b0a146ccb93351f/out/vs/workbench/api/node/extensionHostProcess.js:61:2266)
	at g.fire (/root/.vscode-server/bin/8fa188b2b301d36553cbc9ce1b0a146ccb93351f/out/vs/workbench/api/node/extensionHostProcess.js:61:1844)
	at r.fire (/root/.vscode-server/bin/8fa188b2b301d36553cbc9ce1b0a146ccb93351f/out/vs/workbench/api/node/extensionHostProcess.js:70:16515)
	at o._receiveMessage (/root/.vscode-server/bin/8fa188b2b301d36553cbc9ce1b0a146ccb93351f/out/vs/workbench/api/node/extensionHostProcess.js:70:21327)
	at /root/.vscode-server/bin/8fa188b2b301d36553cbc9ce1b0a146ccb93351f/out/vs/workbench/api/node/extensionHostProcess.js:70:18770
	at h.invoke (/root/.vscode-server/bin/8fa188b2b301d36553cbc9ce1b0a146ccb93351f/out/vs/workbench/api/node/extensionHostProcess.js:61:145)
	at v.deliver (/root/.vscode-server/bin/8fa188b2b301d36553cbc9ce1b0a146ccb93351f/out/vs/workbench/api/node/extensionHostProcess.js:61:2266)
	at g.fire (/root/.vscode-server/bin/8fa188b2b301d36553cbc9ce1b0a146ccb93351f/out/vs/workbench/api/node/extensionHostProcess.js:61:1844)
	at g.acceptChunk (/root/.vscode-server/bin/8fa188b2b301d36553cbc9ce1b0a146ccb93351f/out/vs/workbench/api/node/extensionHostProcess.js:70:13346)
	at /root/.vscode-server/bin/8fa188b2b301d36553cbc9ce1b0a146ccb93351f/out/vs/workbench/api/node/extensionHostProcess.js:70:12476
	at h.invoke (/root/.vscode-server/bin/8fa188b2b301d36553cbc9ce1b0a146ccb93351f/out/vs/workbench/api/node/extensionHostProcess.js:61:145)
	at v.deliver (/root/.vscode-server/bin/8fa188b2b301d36553cbc9ce1b0a146ccb93351f/out/vs/workbench/api/node/extensionHostProcess.js:61:2266)
	at g.fire (/root/.vscode-server/bin/8fa188b2b301d36553cbc9ce1b0a146ccb93351f/out/vs/workbench/api/node/extensionHostProcess.js:61:1844)
	at g._processReadQueue (/root/.vscode-server/bin/8fa188b2b301d36553cbc9ce1b0a146ccb93351f/out/vs/workbench/api/node/extensionHostProcess.js:70:32036)
	at g.acceptFrame (/root/.vscode-server/bin/8fa188b2b301d36553cbc9ce1b0a146ccb93351f/out/vs/workbench/api/node/extensionHostProcess.js:70:31692)
	at h._acceptChunk (/root/.vscode-server/bin/8fa188b2b301d36553cbc9ce1b0a146ccb93351f/out/vs/workbench/api/node/extensionHostProcess.js:70:29656)
	at /root/.vscode-server/bin/8fa188b2b301d36553cbc9ce1b0a146ccb93351f/out/vs/workbench/api/node/extensionHostProcess.js:70:26841
	at Socket.i (/root/.vscode-server/bin/8fa188b2b301d36553cbc9ce1b0a146ccb93351f/out/vs/workbench/api/node/extensionHostProcess.js:70:24594)
	at Socket.emit (node:events:526:28)
	at Socket.emit (node:domain:475:12)
	at addChunk (node:internal/streams/readable:315:12)
	at readableAddChunk (node:internal/streams/readable:289:9)
	at Socket.Readable.push (node:internal/streams/readable:228:10)
	at TCP.onStreamRead (node:internal/stream_base_commons:190:23)
2022-11-06 14:55:19.822 [info] ExtensionService#_doActivateExtension vscode.configuration-editing, startup: false, activationEvent: 'onLanguage:json'
2022-11-06 14:55:19.822 [info] ExtensionService#_doActivateExtension vscode.extension-editing, startup: false, activationEvent: 'onLanguage:json'
2022-11-06 14:55:19.822 [info] ExtensionService#_doActivateExtension vscode.json-language-features, startup: false, activationEvent: 'onLanguage:json'
2022-11-06 14:55:20.412 [info] Extension host terminating: received terminate message from renderer
2022-11-06 14:55:20.413 [info] Lock '/root/.vscode-server/data/User/workspaceStorage/975c43559167303c51ed537741b2a536/vscode.lock': Marking the lockfile as scheduled to be released in 6000 ms.
2022-11-06 14:55:20.496 [info] Extension host with pid 5253 exiting with code 0
