["INFO" - 2:52:17 PM] Extension Name: esbenp.prettier-vscode.
["INFO" - 2:52:17 PM] Extension Version: 9.9.0.
["INFO" - 2:52:31 PM] Formatting vscode-local:/c%3A/Users/HP/AppData/Roaming/Code/Workspaces/1667742752845/workspace.json
["INFO" - 2:52:32 PM] File Info:
{
  "ignored": false,
  "inferredParser": "json"
}
["INFO" - 2:52:32 PM] No local configuration (i.e. .prettierrc or .editorconfig) detected, falling back to VS Code configuration
["INFO" - 2:52:32 PM] Prettier Options:
{
  "arrowParens": "always",
  "bracketSpacing": true,
  "endOfLine": "lf",
  "htmlWhitespaceSensitivity": "css",
  "insertPragma": false,
  "singleAttributePerLine": false,
  "bracketSameLine": false,
  "jsxBracketSameLine": false,
  "jsxSingleQuote": false,
  "printWidth": 80,
  "proseWrap": "preserve",
  "quoteProps": "as-needed",
  "requirePragma": false,
  "semi": true,
  "singleQuote": false,
  "tabWidth": 2,
  "trailingComma": "es5",
  "useTabs": false,
  "vueIndentScriptAndStyle": false,
  "filepath": "c:/Users/HP/AppData/Roaming/Code/Workspaces/1667742752845/workspace.json",
  "parser": "json"
}
["INFO" - 2:52:32 PM] Formatting completed in 269ms.
