2022-11-13 09:29:32.530 [info] Validating found git in: git
2022-11-13 09:29:32.530 [info] Using git 2.25.1 from git
2022-11-13 09:29:32.530 [info] > git rev-parse --show-toplevel [33ms]
2022-11-13 09:29:32.530 [info] fatal: not a git repository (or any of the parent directories): .git
2022-11-13 09:29:32.530 [info] > git rev-parse --show-toplevel [1ms]
2022-11-13 09:29:32.530 [info] fatal: not a git repository (or any of the parent directories): .git
2022-11-13 09:29:32.532 [info] > git rev-parse --show-toplevel [404ms]
2022-11-13 09:29:32.532 [info] fatal: not a git repository (or any of the parent directories): .git
2022-11-13 09:29:32.885 [info] > git rev-parse --show-toplevel [339ms]
2022-11-13 09:29:32.886 [info] fatal: not a git repository (or any of the parent directories): .git
2022-11-13 09:29:32.978 [info] > git rev-parse --show-toplevel [81ms]
2022-11-13 09:29:32.992 [info] > git rev-parse --git-dir --git-common-dir [2ms]
2022-11-13 09:29:33.007 [info] Log level: Info
2022-11-13 09:29:33.007 [info] Open repository: /root/.nvm
2022-11-13 09:29:33.084 [info] > git rev-parse --show-toplevel [21ms]
2022-11-13 09:29:33.084 [info] fatal: not a git repository (or any of the parent directories): .git
2022-11-13 09:29:33.092 [info] > git remote --verbose [60ms]
2022-11-13 09:29:33.094 [info] > git for-each-ref --sort -committerdate --format %(refname) %(objectname) %(*objectname) [72ms]
2022-11-13 09:29:33.097 [info] > git rev-parse --show-toplevel [7ms]
2022-11-13 09:29:33.097 [info] fatal: not a git repository (or any of the parent directories): .git
2022-11-13 09:29:33.106 [info] > git config --get commit.template [32ms]
2022-11-13 09:29:33.109 [info] > git rev-parse --show-toplevel [4ms]
2022-11-13 09:29:33.109 [info] fatal: not a git repository (or any of the parent directories): .git
2022-11-13 09:29:33.117 [info] > git status -z -uall [71ms]
2022-11-13 09:29:33.117 [info] > git rev-parse --show-toplevel [3ms]
2022-11-13 09:29:33.117 [info] fatal: not a git repository (or any of the parent directories): .git
2022-11-13 09:29:33.128 [info] > git rev-parse --show-toplevel [1ms]
2022-11-13 09:29:33.128 [info] fatal: not a git repository (or any of the parent directories): .git
2022-11-13 09:29:33.181 [info] > git remote --verbose [26ms]
2022-11-13 09:29:33.182 [info] > git for-each-ref --sort -committerdate --format %(refname) %(objectname) %(*objectname) [41ms]
2022-11-13 09:29:33.183 [info] > git status -z -uall [19ms]
2022-11-13 09:29:33.184 [info] > git config --get commit.template [5ms]
2022-11-13 09:29:34.126 [info] > git check-ignore -v -z --stdin [2ms]
2022-11-13 09:38:24.381 [info] > git rev-parse --show-toplevel [15ms]
2022-11-13 09:38:24.382 [info] fatal: not a git repository (or any of the parent directories): .git
2022-11-13 09:38:24.785 [info] > git rev-parse --show-toplevel [2ms]
2022-11-13 09:38:24.786 [info] fatal: not a git repository (or any of the parent directories): .git
2022-11-13 09:39:02.169 [info] > git rev-parse --show-toplevel [1ms]
2022-11-13 09:39:02.174 [info] > git rev-parse --git-dir --git-common-dir [0ms]
2022-11-13 09:39:02.178 [info] Log level: Info
2022-11-13 09:39:02.179 [info] Open repository: /root
2022-11-13 09:39:02.196 [info] > git remote --verbose [10ms]
2022-11-13 09:39:02.196 [info] > git for-each-ref --sort -committerdate --format %(refname) %(objectname) %(*objectname) [14ms]
2022-11-13 09:39:02.198 [info] > git config --get commit.template [4ms]
2022-11-13 09:39:02.204 [info] > git for-each-ref --format=%(refname)%00%(upstream:short)%00%(objectname)%00%(upstream:track)%00%(upstream:remotename)%00%(upstream:remoteref) refs/heads/master refs/remotes/master [1ms]
2022-11-13 09:39:02.219 [info] > git status -z -uall [30ms]
2022-11-13 09:39:02.783 [info] > git show --textconv :tutosNode/.gitignore [7ms]
2022-11-13 09:39:02.785 [info] > git ls-files --stage -- /root/tutosNode/.gitignore [3ms]
2022-11-13 09:39:03.182 [info] > git check-ignore -v -z --stdin [16ms]
2022-11-13 09:39:03.185 [info] > git check-ignore -v -z --stdin [6ms]
2022-11-13 09:39:03.980 [info] > git remote --verbose [14ms]
2022-11-13 09:39:03.981 [info] > git for-each-ref --sort -committerdate --format %(refname) %(objectname) %(*objectname) [22ms]
2022-11-13 09:39:03.982 [info] > git config --get commit.template [2ms]
2022-11-13 09:39:03.989 [info] > git for-each-ref --format=%(refname)%00%(upstream:short)%00%(objectname)%00%(upstream:track)%00%(upstream:remotename)%00%(upstream:remoteref) refs/heads/master refs/remotes/master [0ms]
2022-11-13 09:39:03.996 [info] > git status -z -uall [23ms]
2022-11-13 09:39:09.058 [info] > git remote --verbose [8ms]
2022-11-13 09:39:09.058 [info] > git for-each-ref --sort -committerdate --format %(refname) %(objectname) %(*objectname) [12ms]
2022-11-13 09:39:09.059 [info] > git config --get commit.template [2ms]
2022-11-13 09:39:09.064 [info] > git for-each-ref --format=%(refname)%00%(upstream:short)%00%(objectname)%00%(upstream:track)%00%(upstream:remotename)%00%(upstream:remoteref) refs/heads/master refs/remotes/master [0ms]
2022-11-13 09:39:09.076 [info] > git status -z -uall [23ms]
2022-11-13 09:39:14.154 [info] > git remote --verbose [14ms]
2022-11-13 09:39:14.154 [info] > git for-each-ref --sort -committerdate --format %(refname) %(objectname) %(*objectname) [22ms]
2022-11-13 09:39:14.155 [info] > git config --get commit.template [3ms]
2022-11-13 09:39:14.162 [info] > git for-each-ref --format=%(refname)%00%(upstream:short)%00%(objectname)%00%(upstream:track)%00%(upstream:remotename)%00%(upstream:remoteref) refs/heads/master refs/remotes/master [0ms]
2022-11-13 09:39:14.167 [info] > git status -z -uall [22ms]
2022-11-13 09:39:19.240 [info] > git remote --verbose [16ms]
2022-11-13 09:39:19.241 [info] > git for-each-ref --sort -committerdate --format %(refname) %(objectname) %(*objectname) [24ms]
2022-11-13 09:39:19.243 [info] > git config --get commit.template [5ms]
2022-11-13 09:39:19.252 [info] > git for-each-ref --format=%(refname)%00%(upstream:short)%00%(objectname)%00%(upstream:track)%00%(upstream:remotename)%00%(upstream:remoteref) refs/heads/master refs/remotes/master [1ms]
2022-11-13 09:39:19.260 [info] > git status -z -uall [30ms]
2022-11-13 09:39:23.815 [info] > git ls-files --stage -- /root/tutosNode/.gitignore [2ms]
2022-11-13 09:39:23.825 [info] > git cat-file -s e69de29bb2d1d6434b8b29ae775ad8c2e48c5391 [1ms]
2022-11-13 09:39:23.845 [info] > git show --textconv :tutosNode/.gitignore [5ms]
2022-11-13 09:39:24.366 [info] > git remote --verbose [9ms]
2022-11-13 09:39:24.367 [info] > git for-each-ref --sort -committerdate --format %(refname) %(objectname) %(*objectname) [13ms]
2022-11-13 09:39:24.367 [info] > git config --get commit.template [2ms]
2022-11-13 09:39:24.373 [info] > git for-each-ref --format=%(refname)%00%(upstream:short)%00%(objectname)%00%(upstream:track)%00%(upstream:remotename)%00%(upstream:remoteref) refs/heads/master refs/remotes/master [1ms]
2022-11-13 09:39:24.407 [info] > git status -z -uall [47ms]
2022-11-13 09:39:29.467 [info] > git remote --verbose [12ms]
2022-11-13 09:39:29.467 [info] > git for-each-ref --sort -committerdate --format %(refname) %(objectname) %(*objectname) [16ms]
2022-11-13 09:39:29.468 [info] > git config --get commit.template [2ms]
2022-11-13 09:39:29.475 [info] > git for-each-ref --format=%(refname)%00%(upstream:short)%00%(objectname)%00%(upstream:track)%00%(upstream:remotename)%00%(upstream:remoteref) refs/heads/master refs/remotes/master [0ms]
2022-11-13 09:39:29.485 [info] > git status -z -uall [25ms]
2022-11-13 09:39:34.551 [info] > git remote --verbose [12ms]
2022-11-13 09:39:34.552 [info] > git for-each-ref --sort -committerdate --format %(refname) %(objectname) %(*objectname) [17ms]
2022-11-13 09:39:34.552 [info] > git config --get commit.template [2ms]
2022-11-13 09:39:34.563 [info] > git for-each-ref --format=%(refname)%00%(upstream:short)%00%(objectname)%00%(upstream:track)%00%(upstream:remotename)%00%(upstream:remoteref) refs/heads/master refs/remotes/master [1ms]
2022-11-13 09:39:34.570 [info] > git status -z -uall [26ms]
2022-11-13 09:39:41.091 [info] > git remote --verbose [13ms]
2022-11-13 09:39:41.092 [info] > git for-each-ref --sort -committerdate --format %(refname) %(objectname) %(*objectname) [19ms]
2022-11-13 09:39:41.092 [info] > git config --get commit.template [2ms]
2022-11-13 09:39:41.099 [info] > git for-each-ref --format=%(refname)%00%(upstream:short)%00%(objectname)%00%(upstream:track)%00%(upstream:remotename)%00%(upstream:remoteref) refs/heads/master refs/remotes/master [1ms]
2022-11-13 09:39:41.108 [info] > git status -z -uall [24ms]
2022-11-13 09:39:46.169 [info] > git remote --verbose [14ms]
2022-11-13 09:39:46.170 [info] > git for-each-ref --sort -committerdate --format %(refname) %(objectname) %(*objectname) [21ms]
2022-11-13 09:39:46.170 [info] > git config --get commit.template [2ms]
2022-11-13 09:39:46.179 [info] > git for-each-ref --format=%(refname)%00%(upstream:short)%00%(objectname)%00%(upstream:track)%00%(upstream:remotename)%00%(upstream:remoteref) refs/heads/master refs/remotes/master [0ms]
2022-11-13 09:39:46.188 [info] > git status -z -uall [27ms]
2022-11-13 09:39:46.752 [info] > git check-ignore -v -z --stdin [11ms]
2022-11-13 09:39:46.752 [info] > git check-ignore -v -z --stdin [1ms]
2022-11-13 09:39:47.626 [info] > git show --textconv :tutosNode/app.js [7ms]
2022-11-13 09:39:47.628 [info] > git ls-files --stage -- /root/tutosNode/app.js [2ms]
2022-11-13 09:39:47.639 [info] > git cat-file -s e7fb5e2f8173706b3d0d76b3d7b82c607539793a [3ms]
2022-11-13 09:39:49.111 [info] > git show --textconv :tutosNode/.gitignore [11ms]
2022-11-13 09:39:49.115 [info] > git ls-files --stage -- /root/tutosNode/.gitignore [4ms]
2022-11-13 09:39:49.123 [info] > git cat-file -s e69de29bb2d1d6434b8b29ae775ad8c2e48c5391 [0ms]
2022-11-13 09:39:51.243 [info] > git remote --verbose [10ms]
2022-11-13 09:39:51.244 [info] > git for-each-ref --sort -committerdate --format %(refname) %(objectname) %(*objectname) [14ms]
2022-11-13 09:39:51.244 [info] > git config --get commit.template [2ms]
2022-11-13 09:39:51.250 [info] > git for-each-ref --format=%(refname)%00%(upstream:short)%00%(objectname)%00%(upstream:track)%00%(upstream:remotename)%00%(upstream:remoteref) refs/heads/master refs/remotes/master [1ms]
2022-11-13 09:39:51.261 [info] > git status -z -uall [24ms]
2022-11-13 09:39:56.320 [info] > git remote --verbose [10ms]
2022-11-13 09:39:56.320 [info] > git for-each-ref --sort -committerdate --format %(refname) %(objectname) %(*objectname) [16ms]
2022-11-13 09:39:56.320 [info] > git config --get commit.template [1ms]
2022-11-13 09:39:56.327 [info] > git for-each-ref --format=%(refname)%00%(upstream:short)%00%(objectname)%00%(upstream:track)%00%(upstream:remotename)%00%(upstream:remoteref) refs/heads/master refs/remotes/master [1ms]
2022-11-13 09:39:56.337 [info] > git status -z -uall [24ms]
2022-11-13 09:40:01.410 [info] > git remote --verbose [11ms]
2022-11-13 09:40:01.410 [info] > git for-each-ref --sort -committerdate --format %(refname) %(objectname) %(*objectname) [25ms]
2022-11-13 09:40:01.411 [info] > git config --get commit.template [2ms]
2022-11-13 09:40:01.418 [info] > git for-each-ref --format=%(refname)%00%(upstream:short)%00%(objectname)%00%(upstream:track)%00%(upstream:remotename)%00%(upstream:remoteref) refs/heads/master refs/remotes/master [0ms]
2022-11-13 09:40:01.427 [info] > git status -z -uall [24ms]
2022-11-13 09:40:04.299 [info] > git ls-files --stage -- /root/tutosNode/.gitignore [1ms]
2022-11-13 09:40:04.305 [info] > git cat-file -s e69de29bb2d1d6434b8b29ae775ad8c2e48c5391 [0ms]
2022-11-13 09:40:04.319 [info] > git show --textconv :tutosNode/.gitignore [1ms]
2022-11-13 09:40:06.496 [info] > git remote --verbose [20ms]
2022-11-13 09:40:06.496 [info] > git for-each-ref --sort -committerdate --format %(refname) %(objectname) %(*objectname) [29ms]
2022-11-13 09:40:06.499 [info] > git config --get commit.template [3ms]
2022-11-13 09:40:06.507 [info] > git for-each-ref --format=%(refname)%00%(upstream:short)%00%(objectname)%00%(upstream:track)%00%(upstream:remotename)%00%(upstream:remoteref) refs/heads/master refs/remotes/master [1ms]
2022-11-13 09:40:06.522 [info] > git status -z -uall [38ms]
2022-11-13 09:40:11.589 [info] > git remote --verbose [11ms]
2022-11-13 09:40:11.590 [info] > git for-each-ref --sort -committerdate --format %(refname) %(objectname) %(*objectname) [16ms]
2022-11-13 09:40:11.590 [info] > git config --get commit.template [2ms]
2022-11-13 09:40:11.596 [info] > git for-each-ref --format=%(refname)%00%(upstream:short)%00%(objectname)%00%(upstream:track)%00%(upstream:remotename)%00%(upstream:remoteref) refs/heads/master refs/remotes/master [1ms]
2022-11-13 09:40:11.608 [info] > git status -z -uall [26ms]
2022-11-13 09:40:17.132 [info] > git remote --verbose [11ms]
2022-11-13 09:40:17.132 [info] > git for-each-ref --sort -committerdate --format %(refname) %(objectname) %(*objectname) [16ms]
2022-11-13 09:40:17.132 [info] > git config --get commit.template [2ms]
2022-11-13 09:40:17.139 [info] > git for-each-ref --format=%(refname)%00%(upstream:short)%00%(objectname)%00%(upstream:track)%00%(upstream:remotename)%00%(upstream:remoteref) refs/heads/master refs/remotes/master [0ms]
2022-11-13 09:40:17.148 [info] > git status -z -uall [24ms]
2022-11-13 09:40:22.211 [info] > git remote --verbose [11ms]
2022-11-13 09:40:22.212 [info] > git for-each-ref --sort -committerdate --format %(refname) %(objectname) %(*objectname) [15ms]
2022-11-13 09:40:22.212 [info] > git config --get commit.template [1ms]
2022-11-13 09:40:22.219 [info] > git for-each-ref --format=%(refname)%00%(upstream:short)%00%(objectname)%00%(upstream:track)%00%(upstream:remotename)%00%(upstream:remoteref) refs/heads/master refs/remotes/master [0ms]
2022-11-13 09:40:22.229 [info] > git status -z -uall [24ms]
2022-11-13 09:40:27.291 [info] > git remote --verbose [15ms]
2022-11-13 09:40:27.291 [info] > git for-each-ref --sort -committerdate --format %(refname) %(objectname) %(*objectname) [21ms]
2022-11-13 09:40:27.293 [info] > git config --get commit.template [2ms]
2022-11-13 09:40:27.304 [info] > git for-each-ref --format=%(refname)%00%(upstream:short)%00%(objectname)%00%(upstream:track)%00%(upstream:remotename)%00%(upstream:remoteref) refs/heads/master refs/remotes/master [0ms]
2022-11-13 09:40:27.312 [info] > git status -z -uall [29ms]
