["INFO" - 9:54:08 PM] Extension Name: esbenp.prettier-vscode.
["INFO" - 9:54:08 PM] Extension Version: 9.9.0.
["INFO" - 9:55:28 PM] Formatting file:///root/tutosnodejs/app.js
["INFO" - 9:55:28 PM] Using ignore file (if present) at /root/.prettierignore
["INFO" - 9:55:28 PM] File Info:
{
  "ignored": false,
  "inferredParser": "babel"
}
["INFO" - 9:55:28 PM] No local configuration (i.e. .prettierrc or .editorconfig) detected, falling back to VS Code configuration
["INFO" - 9:55:28 PM] Prettier Options:
{
  "arrowParens": "always",
  "bracketSpacing": true,
  "endOfLine": "lf",
  "htmlWhitespaceSensitivity": "css",
  "insertPragma": false,
  "singleAttributePerLine": false,
  "bracketSameLine": false,
  "jsxBracketSameLine": false,
  "jsxSingleQuote": false,
  "printWidth": 80,
  "proseWrap": "preserve",
  "quoteProps": "as-needed",
  "requirePragma": false,
  "semi": true,
  "singleQuote": false,
  "tabWidth": 2,
  "trailingComma": "es5",
  "useTabs": false,
  "vueIndentScriptAndStyle": false,
  "filepath": "/root/tutosnodejs/app.js",
  "parser": "babel"
}
