0 verbose cli /root/.nvm/versions/node/v18.12.1/bin/node /root/.nvm/versions/node/v18.12.1/bin/npm
1 info using npm@8.19.2
2 info using node@v18.12.1
3 timing npm:load:whichnode Completed in 0ms
4 timing config:load:defaults Completed in 1ms
5 timing config:load:file:/root/.nvm/versions/node/v18.12.1/lib/node_modules/npm/npmrc Completed in 2ms
6 timing config:load:builtin Completed in 4ms
7 timing config:load:cli Completed in 2ms
8 timing config:load:env Completed in 0ms
9 timing config:load:file:/root/.cache/typescript/4.8/.npmrc Completed in 0ms
10 timing config:load:project Completed in 8ms
11 timing config:load:file:/root/.npmrc Completed in 0ms
12 timing config:load:user Completed in 1ms
13 timing config:load:file:/root/.nvm/versions/node/v18.12.1/etc/npmrc Completed in 0ms
14 timing config:load:global Completed in 0ms
15 timing config:load:validate Completed in 0ms
16 timing config:load:credentials Completed in 1ms
17 timing config:load:setEnvs Completed in 0ms
18 timing config:load Completed in 17ms
19 timing npm:load:configload Completed in 17ms
20 timing npm:load:mkdirpcache Completed in 1ms
21 timing npm:load:mkdirplogs Completed in 0ms
22 verbose title npm install @types/mocha@ts4.8
23 verbose argv "install" "--ignore-scripts" "@types/mocha@ts4.8" "--save-dev" "--user-agent" "typesInstaller/4.8.4"
24 timing npm:load:setTitle Completed in 1ms
25 timing config:load:flatten Completed in 3ms
26 timing npm:load:display Completed in 3ms
27 verbose logfile logs-max:10 dir:/root/.npm/_logs
28 verbose logfile /root/.npm/_logs/2022-11-12T21_30_16_527Z-debug-0.log
29 timing npm:load:logFile Completed in 5ms
30 timing npm:load:timers Completed in 0ms
31 timing npm:load:configScope Completed in 0ms
32 timing npm:load Completed in 29ms
33 timing arborist:ctor Completed in 1ms
34 silly logfile start cleaning logs, removing 1 files
35 silly logfile done cleaning log files
36 timing idealTree:init Completed in 33ms
37 timing arborist:ctor Completed in 0ms
38 http fetch GET 200 https://registry.npmjs.org/@types%2fmocha 225ms (cache miss)
39 timing idealTree:userRequests Completed in 236ms
40 silly idealTree buildDeps
41 silly fetch manifest @types/mocha@10.0.0
42 silly placeDep ROOT @types/mocha@10.0.0 OK for:  want: 10.0.0
43 timing idealTree:#root Completed in 4ms
44 timing idealTree:node_modules/@types/mocha Completed in 0ms
45 timing idealTree:buildDeps Completed in 5ms
46 timing idealTree:fixDepFlags Completed in 0ms
47 timing idealTree Completed in 277ms
48 timing reify:loadTrees Completed in 277ms
49 timing reify:diffTrees Completed in 2ms
50 silly reify moves {}
51 timing reify:retireShallow Completed in 0ms
52 timing reify:createSparse Completed in 3ms
53 timing reify:loadBundles Completed in 0ms
54 silly audit bulk request {
54 silly audit   '@types/aes-js': [ '3.1.1' ],
54 silly audit   '@types/balanced-match': [ '1.0.2' ],
54 silly audit   '@types/bn.js': [ '5.1.1' ],
54 silly audit   '@types/brace-expansion': [ '1.1.0' ],
54 silly audit   '@types/brorand': [ '1.0.30' ],
54 silly audit   '@types/command-exists': [ '1.2.0' ],
54 silly audit   '@types/concat-map': [ '0.0.1' ],
54 silly audit   '@types/elliptic': [ '6.4.14' ],
54 silly audit   '@types/follow-redirects': [ '1.14.1' ],
54 silly audit   '@types/fs-ext': [ '2.0.0' ],
54 silly audit   '@types/fs-extra': [ '9.0.13' ],
54 silly audit   '@types/glob': [ '8.0.0' ],
54 silly audit   '@types/graceful-fs': [ '4.1.5' ],
54 silly audit   '@types/inherits': [ '0.0.30' ],
54 silly audit   '@types/jsonfile': [ '6.1.0' ],
54 silly audit   '@types/klaw': [ '3.0.3' ],
54 silly audit   '@types/memorystream': [ '0.3.0' ],
54 silly audit   '@types/minimalistic-assert': [ '1.0.1' ],
54 silly audit   '@types/minimatch': [ '5.1.2' ],
54 silly audit   '@types/node': [ '18.11.9' ],
54 silly audit   '@types/once': [ '1.4.0' ],
54 silly audit   '@types/os-tmpdir': [ '1.0.0' ],
54 silly audit   '@types/path-is-absolute': [ '1.0.0' ],
54 silly audit   '@types/require-from-string': [ '1.2.1' ],
54 silly audit   '@types/rimraf': [ '3.0.2' ],
54 silly audit   '@types/semver': [ '7.3.13' ],
54 silly audit   '@types/tmp': [ '0.2.3' ],
54 silly audit   '@types/universalify': [ '1.0.0' ],
54 silly audit   '@types/ws': [ '8.5.3' ],
54 silly audit   'types-registry': [ '0.1.617' ],
54 silly audit   '@types/mocha': [ '10.0.0' ]
54 silly audit }
55 silly tarball no local data for @types/mocha@https://registry.npmjs.org/@types/mocha/-/mocha-10.0.0.tgz. Extracting by manifest.
56 http fetch POST 200 https://registry.npmjs.org/-/npm/v1/security/advisories/bulk 238ms
57 timing auditReport:getReport Completed in 241ms
58 silly audit report {}
59 timing auditReport:init Completed in 0ms
60 timing reify:audit Completed in 242ms
61 http fetch GET 200 https://registry.npmjs.org/@types/mocha/-/mocha-10.0.0.tgz 782ms (cache miss)
62 timing reifyNode:node_modules/@types/mocha Completed in 788ms
63 timing reify:unpack Completed in 788ms
64 timing reify:unretire Completed in 0ms
65 timing build:queue Completed in 1ms
66 timing build:deps Completed in 1ms
67 timing build Completed in 2ms
68 timing reify:build Completed in 2ms
69 timing reify:trash Completed in 0ms
70 timing reify:save Completed in 20ms
71 timing reify Completed in 1113ms
72 silly ADD node_modules/@types/mocha
73 timing command:install Completed in 1117ms
74 verbose exit 0
75 timing npm Completed in 1207ms
76 info ok
