0 verbose cli /root/.nvm/versions/node/v18.12.1/bin/node /root/.nvm/versions/node/v18.12.1/bin/npm
1 info using npm@8.19.2
2 info using node@v18.12.1
3 timing npm:load:whichnode Completed in 1ms
4 timing config:load:defaults Completed in 3ms
5 timing config:load:file:/root/.nvm/versions/node/v18.12.1/lib/node_modules/npm/npmrc Completed in 2ms
6 timing config:load:builtin Completed in 2ms
7 timing config:load:cli Completed in 2ms
8 timing config:load:env Completed in 0ms
9 timing config:load:file:/root/.cache/typescript/4.8/.npmrc Completed in 1ms
10 timing config:load:project Completed in 13ms
11 timing config:load:file:/root/.npmrc Completed in 0ms
12 timing config:load:user Completed in 0ms
13 timing config:load:file:/root/.nvm/versions/node/v18.12.1/etc/npmrc Completed in 0ms
14 timing config:load:global Completed in 0ms
15 timing config:load:validate Completed in 0ms
16 timing config:load:credentials Completed in 2ms
17 timing config:load:setEnvs Completed in 0ms
18 timing config:load Completed in 23ms
19 timing npm:load:configload Completed in 23ms
20 timing npm:load:mkdirpcache Completed in 1ms
21 timing npm:load:mkdirplogs Completed in 0ms
22 verbose title npm install types-registry@latest
23 verbose argv "install" "--ignore-scripts" "types-registry@latest"
24 timing npm:load:setTitle Completed in 1ms
25 timing config:load:flatten Completed in 5ms
26 timing npm:load:display Completed in 7ms
27 verbose logfile logs-max:10 dir:/root/.npm/_logs
28 verbose logfile /root/.npm/_logs/2022-11-13T08_29_33_911Z-debug-0.log
29 timing npm:load:logFile Completed in 4ms
30 timing npm:load:timers Completed in 0ms
31 timing npm:load:configScope Completed in 0ms
32 timing npm:load Completed in 39ms
33 timing arborist:ctor Completed in 1ms
34 silly logfile start cleaning logs, removing 1 files
35 silly logfile done cleaning log files
36 timing idealTree:init Completed in 51ms
37 timing arborist:ctor Completed in 0ms
38 http fetch GET 200 https://registry.npmjs.org/types-registry 419ms (cache updated)
39 timing idealTree:userRequests Completed in 448ms
40 silly idealTree buildDeps
41 silly fetch manifest types-registry@0.1.618
42 silly placeDep ROOT types-registry@0.1.618 REPLACE for:  want: 0.1.618
43 timing idealTree:#root Completed in 13ms
44 timing idealTree:node_modules/types-registry Completed in 0ms
45 timing idealTree:buildDeps Completed in 16ms
46 timing idealTree:fixDepFlags Completed in 1ms
47 timing idealTree Completed in 517ms
48 timing reify:loadTrees Completed in 518ms
49 timing reify:diffTrees Completed in 4ms
50 silly reify mark retired [ '/root/.cache/typescript/4.8/node_modules/types-registry' ]
51 silly reify moves {
51 silly reify   '/root/.cache/typescript/4.8/node_modules/types-registry': '/root/.cache/typescript/4.8/node_modules/.types-registry-5OsJ5mME'
51 silly reify }
52 timing reify:retireShallow Completed in 6ms
53 timing reify:createSparse Completed in 2ms
54 timing reify:loadBundles Completed in 0ms
55 silly audit bulk request {
55 silly audit   '@types/aes-js': [ '3.1.1' ],
55 silly audit   '@types/balanced-match': [ '1.0.2' ],
55 silly audit   '@types/bn.js': [ '5.1.1' ],
55 silly audit   '@types/brace-expansion': [ '1.1.0' ],
55 silly audit   '@types/brorand': [ '1.0.30' ],
55 silly audit   '@types/command-exists': [ '1.2.0' ],
55 silly audit   '@types/concat-map': [ '0.0.1' ],
55 silly audit   '@types/elliptic': [ '6.4.14' ],
55 silly audit   '@types/follow-redirects': [ '1.14.1' ],
55 silly audit   '@types/fs-ext': [ '2.0.0' ],
55 silly audit   '@types/fs-extra': [ '9.0.13' ],
55 silly audit   '@types/glob': [ '8.0.0' ],
55 silly audit   '@types/graceful-fs': [ '4.1.5' ],
55 silly audit   '@types/inherits': [ '0.0.30' ],
55 silly audit   '@types/jsonfile': [ '6.1.0' ],
55 silly audit   '@types/klaw': [ '3.0.3' ],
55 silly audit   '@types/memorystream': [ '0.3.0' ],
55 silly audit   '@types/minimalistic-assert': [ '1.0.1' ],
55 silly audit   '@types/minimatch': [ '5.1.2' ],
55 silly audit   '@types/mocha': [ '10.0.0' ],
55 silly audit   '@types/node': [ '18.11.9' ],
55 silly audit   '@types/once': [ '1.4.0' ],
55 silly audit   '@types/os-tmpdir': [ '1.0.0' ],
55 silly audit   '@types/path-is-absolute': [ '1.0.0' ],
55 silly audit   '@types/require-from-string': [ '1.2.1' ],
55 silly audit   '@types/rimraf': [ '3.0.2' ],
55 silly audit   '@types/semver': [ '7.3.13' ],
55 silly audit   '@types/tmp': [ '0.2.3' ],
55 silly audit   '@types/universalify': [ '1.0.0' ],
55 silly audit   '@types/ws': [ '8.5.3' ],
55 silly audit   'types-registry': [ '0.1.618' ]
55 silly audit }
56 silly tarball no local data for types-registry@https://registry.npmjs.org/types-registry/-/types-registry-0.1.618.tgz. Extracting by manifest.
57 http fetch GET 200 https://registry.npmjs.org/types-registry/-/types-registry-0.1.618.tgz 164ms (cache miss)
58 timing reifyNode:node_modules/types-registry Completed in 170ms
59 timing reify:unpack Completed in 170ms
60 timing reify:unretire Completed in 0ms
61 timing build:queue Completed in 0ms
62 timing build:deps Completed in 1ms
63 timing build Completed in 1ms
64 timing reify:build Completed in 1ms
65 timing reify:trash Completed in 3ms
66 timing reify:save Completed in 14ms
67 http fetch POST 200 https://registry.npmjs.org/-/npm/v1/security/advisories/bulk 229ms
68 timing auditReport:getReport Completed in 232ms
69 silly audit report {}
70 timing auditReport:init Completed in 0ms
71 timing reify:audit Completed in 233ms
72 timing reify Completed in 774ms
73 silly CHANGE node_modules/types-registry
74 timing command:install Completed in 780ms
75 verbose exit 0
76 timing npm Completed in 978ms
77 info ok
