2022-11-11 16:50:25.840 [info] Extension host with pid 857 started
2022-11-11 16:50:25.874 [info] Lock '/root/.vscode-server/data/User/workspaceStorage/975c43559167303c51ed537741b2a536/vscode.lock': Lock acquired.
2022-11-11 16:50:25.971 [info] ExtensionService#_doActivateExtension vscode.typescript-language-features, startup: false, activationEvent: 'onLanguage:javascript'
2022-11-11 16:50:25.974 [info] ExtensionService#_doActivateExtension vscode.git-base, startup: true, activationEvent: '*', root cause: vscode.git
2022-11-11 16:50:26.505 [error] No bundle location found for extension vscode.typescript-language-features
2022-11-11 16:50:26.654 [error] No bundle location found for extension vscode.git-base
2022-11-11 16:50:27.103 [info] ExtensionService#_doActivateExtension vscode.git, startup: true, activationEvent: '*'
2022-11-11 16:50:27.105 [info] ExtensionService#_doActivateExtension vscode.github, startup: true, activationEvent: '*'
2022-11-11 16:50:27.388 [error] No bundle location found for extension vscode.git
2022-11-11 16:50:27.667 [error] No bundle location found for extension vscode.github
2022-11-11 16:50:28.094 [info] ExtensionService#_doActivateExtension vscode.debug-auto-launch, startup: false, activationEvent: 'onStartupFinished'
2022-11-11 16:50:28.096 [info] ExtensionService#_doActivateExtension vscode.emmet, startup: false, activationEvent: 'onStartupFinished'
2022-11-11 16:50:28.097 [info] ExtensionService#_doActivateExtension vscode.merge-conflict, startup: false, activationEvent: 'onStartupFinished'
2022-11-11 16:50:28.098 [info] ExtensionService#_doActivateExtension vscode.npm, startup: false, activationEvent: 'onStartupFinished', root cause: esbenp.prettier-vscode
2022-11-11 16:50:28.103 [info] Eager extensions activated
2022-11-11 16:50:28.247 [error] No bundle location found for extension vscode.debug-auto-launch
2022-11-11 16:50:28.329 [error] No bundle location found for extension vscode.emmet
2022-11-11 16:50:28.329 [error] No bundle location found for extension vscode.merge-conflict
2022-11-11 16:50:28.329 [error] No bundle location found for extension vscode.npm
2022-11-11 16:50:29.206 [info] ExtensionService#_doActivateExtension esbenp.prettier-vscode, startup: false, activationEvent: 'onStartupFinished'
2022-11-12 19:09:48.258 [error] [vscode.typescript-language-features] provider FAILED
2022-11-12 19:09:48.259 [error] Error: <semantic> TypeScript Server Error (4.8.4)
Debug Failure. False expression.
Error: Debug Failure. False expression.
    at getCompletionEntryCodeActionsAndSourceDisplay (/root/.vscode-server/bin/6261075646f055b99068d3688932416f2346dd3b/extensions/node_modules/typescript/lib/tsserver.js:134906:22)
    at Object.getCompletionEntryDetails (/root/.vscode-server/bin/6261075646f055b99068d3688932416f2346dd3b/extensions/node_modules/typescript/lib/tsserver.js:134844:30)
    at Object.getCompletionEntryDetails (/root/.vscode-server/bin/6261075646f055b99068d3688932416f2346dd3b/extensions/node_modules/typescript/lib/tsserver.js:167314:35)
    at /root/.vscode-server/bin/6261075646f055b99068d3688932416f2346dd3b/extensions/node_modules/typescript/lib/tsserver.js:179488:57
    at Object.mapDefined (/root/.vscode-server/bin/6261075646f055b99068d3688932416f2346dd3b/extensions/node_modules/typescript/lib/tsserver.js:622:30)
    at IpcIOSession.Session.getCompletionEntryDetails (/root/.vscode-server/bin/6261075646f055b99068d3688932416f2346dd3b/extensions/node_modules/typescript/lib/tsserver.js:179486:33)
    at Session.handlers.ts.Map.ts.getEntries._a.<computed> (/root/.vscode-server/bin/6261075646f055b99068d3688932416f2346dd3b/extensions/node_modules/typescript/lib/tsserver.js:178123:61)
    at /root/.vscode-server/bin/6261075646f055b99068d3688932416f2346dd3b/extensions/node_modules/typescript/lib/tsserver.js:180174:96
    at IpcIOSession.Session.executeWithRequestId (/root/.vscode-server/bin/6261075646f055b99068d3688932416f2346dd3b/extensions/node_modules/typescript/lib/tsserver.js:180165:28)
    at IpcIOSession.Session.executeCommand (/root/.vscode-server/bin/6261075646f055b99068d3688932416f2346dd3b/extensions/node_modules/typescript/lib/tsserver.js:180174:41)
    at IpcIOSession.Session.onMessage (/root/.vscode-server/bin/6261075646f055b99068d3688932416f2346dd3b/extensions/node_modules/typescript/lib/tsserver.js:180202:35)
    at process.<anonymous> (/root/.vscode-server/bin/6261075646f055b99068d3688932416f2346dd3b/extensions/node_modules/typescript/lib/tsserver.js:184368:31)
    at process.emit (node:events:526:28)
    at emit (node:internal/child_process:938:14)
    at processTicksAndRejections (node:internal/process/task_queues:84:21)
	at Function.create (/root/.vscode-server/bin/6261075646f055b99068d3688932416f2346dd3b/extensions/typescript-language-features/dist/extension.js:1:563013)
	at dispatchResponse (/root/.vscode-server/bin/6261075646f055b99068d3688932416f2346dd3b/extensions/typescript-language-features/dist/extension.js:1:557066)
	at dispatchMessage (/root/.vscode-server/bin/6261075646f055b99068d3688932416f2346dd3b/extensions/typescript-language-features/dist/extension.js:1:555934)
	at ChildProcess.<anonymous> (/root/.vscode-server/bin/6261075646f055b99068d3688932416f2346dd3b/extensions/typescript-language-features/dist/extension.js:1:555419)
	at ChildProcess.emit (node:events:526:28)
	at emit (node:internal/child_process:938:14)
	at processTicksAndRejections (node:internal/process/task_queues:84:21)
2022-11-12 22:26:03.421 [info] ExtensionService#_doActivateExtension vscode.configuration-editing, startup: false, activationEvent: 'onLanguage:json'
2022-11-12 22:26:03.421 [info] ExtensionService#_doActivateExtension vscode.extension-editing, startup: false, activationEvent: 'onLanguage:json'
2022-11-12 22:26:03.421 [info] ExtensionService#_doActivateExtension vscode.json-language-features, startup: false, activationEvent: 'onLanguage:json'
2022-11-12 22:26:03.457 [error] No bundle location found for extension vscode.configuration-editing
2022-11-12 22:26:03.487 [error] No bundle location found for extension vscode.extension-editing
2022-11-12 22:26:03.487 [error] No bundle location found for extension vscode.json-language-features
2022-11-12 22:28:37.247 [info] ExtensionService#_doActivateExtension ms-vscode.js-debug, startup: false, activationEvent: 'onCommand:extension.js-debug.npmScript'
2022-11-12 22:28:38.684 [info] ExtensionService#_doActivateExtension vscode.debug-server-ready, startup: false, activationEvent: 'onDebugResolve'
2022-11-12 22:28:38.690 [error] No bundle location found for extension vscode.debug-server-ready
2022-11-12 23:07:07.002 [info] Extension host terminating: received terminate message from renderer
2022-11-12 23:07:07.003 [info] Lock '/root/.vscode-server/data/User/workspaceStorage/975c43559167303c51ed537741b2a536/vscode.lock': Marking the lockfile as scheduled to be released in 6000 ms.
2022-11-12 23:07:07.147 [info] Extension host with pid 857 exiting with code 0
