2022-11-11 16:50:28.997 [info] Validating found git in: git
2022-11-11 16:50:28.997 [info] Using git 2.25.1 from git
2022-11-11 16:50:28.997 [info] > git rev-parse --show-toplevel [12ms]
2022-11-11 16:50:28.997 [info] fatal: not a git repository (or any of the parent directories): .git
2022-11-11 16:50:28.998 [info] > git rev-parse --show-toplevel [4ms]
2022-11-11 16:50:28.998 [info] fatal: not a git repository (or any of the parent directories): .git
2022-11-11 16:50:28.998 [info] > git rev-parse --show-toplevel [7ms]
2022-11-11 16:50:28.998 [info] fatal: not a git repository (or any of the parent directories): .git
2022-11-11 16:50:28.998 [info] > git rev-parse --show-toplevel [2ms]
2022-11-11 16:50:28.998 [info] fatal: not a git repository (or any of the parent directories): .git
2022-11-11 16:50:28.998 [info] > git rev-parse --show-toplevel [5ms]
2022-11-11 16:50:28.998 [info] > git rev-parse --git-dir --git-common-dir [14ms]
2022-11-11 16:50:28.998 [info] Log level: Info
2022-11-11 16:50:28.998 [info] Open repository: /root/.nvm
2022-11-11 16:50:28.998 [info] > git status -z -uall [100ms]
2022-11-11 16:50:28.998 [info] > git rev-parse --show-toplevel [83ms]
2022-11-11 16:50:28.998 [info] fatal: not a git repository (or any of the parent directories): .git
2022-11-11 16:50:28.998 [info] > git remote --verbose [134ms]
2022-11-11 16:50:28.998 [info] > git for-each-ref --sort -committerdate --format %(refname) %(objectname) %(*objectname) [159ms]
2022-11-11 16:50:28.998 [info] > git rev-parse --show-toplevel [48ms]
2022-11-11 16:50:28.998 [info] fatal: not a git repository (or any of the parent directories): .git
2022-11-11 16:50:28.998 [info] > git config --get commit.template [84ms]
2022-11-11 16:50:28.998 [info] > git rev-parse --show-toplevel [30ms]
2022-11-11 16:50:28.998 [info] fatal: not a git repository (or any of the parent directories): .git
2022-11-11 16:50:28.998 [info] > git status -z -uall [252ms]
2022-11-11 16:50:28.998 [info] > git remote --verbose [266ms]
2022-11-11 16:50:28.998 [info] > git for-each-ref --sort -committerdate --format %(refname) %(objectname) %(*objectname) [282ms]
2022-11-11 16:50:28.998 [info] > git config --get commit.template [50ms]
2022-11-11 16:50:30.520 [info] > git rev-parse --show-toplevel [9ms]
2022-11-11 16:50:30.520 [info] fatal: not a git repository (or any of the parent directories): .git
2022-11-11 16:50:31.701 [info] > git check-ignore -v -z --stdin [2ms]
2022-11-11 16:50:44.809 [info] > git rev-parse --show-toplevel [12ms]
2022-11-11 16:50:44.809 [info] fatal: not a git repository (or any of the parent directories): .git
2022-11-12 19:04:24.288 [info] > git rev-parse --show-toplevel [26ms]
2022-11-12 19:04:24.290 [info] fatal: not a git repository (or any of the parent directories): .git
2022-11-12 19:04:27.309 [info] > git rev-parse --show-toplevel [3ms]
2022-11-12 19:04:27.309 [info] fatal: not a git repository (or any of the parent directories): .git
2022-11-12 19:04:30.683 [info] > git rev-parse --show-toplevel [5ms]
2022-11-12 19:04:30.684 [info] fatal: not a git repository (or any of the parent directories): .git
2022-11-12 19:04:31.501 [info] > git rev-parse --show-toplevel [8ms]
2022-11-12 19:04:31.501 [info] fatal: not a git repository (or any of the parent directories): .git
2022-11-12 19:04:32.115 [info] > git rev-parse --show-toplevel [7ms]
2022-11-12 19:04:32.116 [info] fatal: not a git repository (or any of the parent directories): .git
2022-11-12 19:04:34.547 [info] > git rev-parse --show-toplevel [8ms]
2022-11-12 19:04:34.547 [info] fatal: not a git repository (or any of the parent directories): .git
2022-11-12 19:04:41.072 [info] > git rev-parse --show-toplevel [8ms]
2022-11-12 19:04:41.072 [info] fatal: not a git repository (or any of the parent directories): .git
2022-11-12 19:04:41.083 [info] > git rev-parse --show-toplevel [1ms]
2022-11-12 19:04:41.083 [info] fatal: not a git repository (or any of the parent directories): .git
2022-11-12 19:04:42.835 [info] > git rev-parse --show-toplevel [3ms]
2022-11-12 19:04:42.835 [info] fatal: not a git repository (or any of the parent directories): .git
2022-11-12 19:04:42.851 [info] > git rev-parse --show-toplevel [2ms]
2022-11-12 19:04:42.851 [info] fatal: not a git repository (or any of the parent directories): .git
2022-11-12 19:05:11.875 [info] > git rev-parse --show-toplevel [8ms]
2022-11-12 19:05:11.875 [info] fatal: not a git repository (or any of the parent directories): .git
2022-11-12 19:05:11.893 [info] > git rev-parse --show-toplevel [3ms]
2022-11-12 19:05:11.893 [info] fatal: not a git repository (or any of the parent directories): .git
2022-11-12 19:05:12.957 [info] > git rev-parse --show-toplevel [6ms]
2022-11-12 19:05:12.957 [info] fatal: not a git repository (or any of the parent directories): .git
2022-11-12 19:05:12.968 [info] > git rev-parse --show-toplevel [7ms]
2022-11-12 19:05:12.968 [info] fatal: not a git repository (or any of the parent directories): .git
2022-11-12 19:05:14.922 [info] > git rev-parse --show-toplevel [7ms]
2022-11-12 19:05:14.922 [info] fatal: not a git repository (or any of the parent directories): .git
2022-11-12 19:06:29.375 [info] > git rev-parse --show-toplevel [5ms]
2022-11-12 19:06:29.375 [info] fatal: not a git repository (or any of the parent directories): .git
2022-11-12 19:07:41.326 [info] > git rev-parse --show-toplevel [12ms]
2022-11-12 19:07:41.326 [info] fatal: not a git repository (or any of the parent directories): .git
2022-11-12 19:08:26.910 [info] > git rev-parse --show-toplevel [2ms]
2022-11-12 19:08:26.910 [info] fatal: not a git repository (or any of the parent directories): .git
2022-11-12 19:08:31.081 [info] > git rev-parse --show-toplevel [5ms]
2022-11-12 19:08:31.081 [info] fatal: not a git repository (or any of the parent directories): .git
2022-11-12 19:08:41.715 [info] > git rev-parse --show-toplevel [3ms]
2022-11-12 19:08:41.716 [info] fatal: not a git repository (or any of the parent directories): .git
2022-11-12 19:08:46.103 [info] > git rev-parse --show-toplevel [3ms]
2022-11-12 19:08:46.103 [info] fatal: not a git repository (or any of the parent directories): .git
2022-11-12 19:08:54.692 [info] > git rev-parse --show-toplevel [2ms]
2022-11-12 19:08:54.692 [info] fatal: not a git repository (or any of the parent directories): .git
2022-11-12 19:21:23.169 [info] > git rev-parse --show-toplevel [2ms]
2022-11-12 19:21:23.169 [info] fatal: not a git repository (or any of the parent directories): .git
2022-11-12 19:21:32.390 [info] > git rev-parse --show-toplevel [6ms]
2022-11-12 19:21:32.390 [info] fatal: not a git repository (or any of the parent directories): .git
2022-11-12 19:25:45.548 [info] > git rev-parse --show-toplevel [5ms]
2022-11-12 19:25:45.548 [info] fatal: not a git repository (or any of the parent directories): .git
2022-11-12 19:25:53.610 [info] > git rev-parse --show-toplevel [3ms]
2022-11-12 19:25:53.610 [info] fatal: not a git repository (or any of the parent directories): .git
2022-11-12 19:25:56.965 [info] > git rev-parse --show-toplevel [6ms]
2022-11-12 19:25:56.965 [info] fatal: not a git repository (or any of the parent directories): .git
2022-11-12 19:25:56.971 [info] > git rev-parse --show-toplevel [2ms]
2022-11-12 19:25:56.971 [info] fatal: not a git repository (or any of the parent directories): .git
2022-11-12 19:25:56.995 [info] > git rev-parse --show-toplevel [5ms]
2022-11-12 19:25:56.995 [info] fatal: not a git repository (or any of the parent directories): .git
2022-11-12 19:26:25.754 [info] > git rev-parse --show-toplevel [4ms]
2022-11-12 19:26:25.754 [info] fatal: not a git repository (or any of the parent directories): .git
2022-11-12 19:26:25.765 [info] > git rev-parse --show-toplevel [4ms]
2022-11-12 19:26:25.765 [info] fatal: not a git repository (or any of the parent directories): .git
2022-11-12 19:27:28.933 [info] > git rev-parse --show-toplevel [5ms]
2022-11-12 19:27:28.933 [info] fatal: not a git repository (or any of the parent directories): .git
2022-11-12 19:27:30.458 [info] > git rev-parse --show-toplevel [3ms]
2022-11-12 19:27:30.458 [info] fatal: not a git repository (or any of the parent directories): .git
2022-11-12 19:27:32.456 [info] > git rev-parse --show-toplevel [7ms]
2022-11-12 19:27:32.456 [info] fatal: not a git repository (or any of the parent directories): .git
2022-11-12 19:27:34.840 [info] > git rev-parse --show-toplevel [6ms]
2022-11-12 19:27:34.840 [info] fatal: not a git repository (or any of the parent directories): .git
2022-11-12 19:27:56.686 [info] > git rev-parse --show-toplevel [4ms]
2022-11-12 19:27:56.686 [info] fatal: not a git repository (or any of the parent directories): .git
2022-11-12 19:27:57.668 [info] > git rev-parse --show-toplevel [5ms]
2022-11-12 19:27:57.668 [info] fatal: not a git repository (or any of the parent directories): .git
2022-11-12 19:27:58.244 [info] > git rev-parse --show-toplevel [4ms]
2022-11-12 19:27:58.244 [info] fatal: not a git repository (or any of the parent directories): .git
2022-11-12 19:27:58.717 [info] > git rev-parse --show-toplevel [6ms]
2022-11-12 19:27:58.717 [info] fatal: not a git repository (or any of the parent directories): .git
2022-11-12 19:28:00.101 [info] > git rev-parse --show-toplevel [8ms]
2022-11-12 19:28:00.101 [info] fatal: not a git repository (or any of the parent directories): .git
2022-11-12 19:28:01.057 [info] > git rev-parse --show-toplevel [7ms]
2022-11-12 19:28:01.057 [info] fatal: not a git repository (or any of the parent directories): .git
2022-11-12 19:36:29.872 [info] > git rev-parse --show-toplevel [2ms]
2022-11-12 19:36:29.873 [info] fatal: not a git repository (or any of the parent directories): .git
2022-11-12 19:36:31.056 [info] > git rev-parse --show-toplevel [4ms]
2022-11-12 19:36:31.056 [info] fatal: not a git repository (or any of the parent directories): .git
2022-11-12 19:36:31.920 [info] > git rev-parse --show-toplevel [7ms]
2022-11-12 19:36:31.920 [info] fatal: not a git repository (or any of the parent directories): .git
2022-11-12 19:39:40.673 [info] > git rev-parse --show-toplevel [5ms]
2022-11-12 19:39:40.673 [info] fatal: not a git repository (or any of the parent directories): .git
2022-11-12 19:39:49.483 [info] > git rev-parse --show-toplevel [4ms]
2022-11-12 19:39:49.484 [info] fatal: not a git repository (or any of the parent directories): .git
2022-11-12 19:39:52.643 [info] > git rev-parse --show-toplevel [2ms]
2022-11-12 19:39:52.643 [info] fatal: not a git repository (or any of the parent directories): .git
2022-11-12 19:40:24.271 [info] > git rev-parse --show-toplevel [6ms]
2022-11-12 19:40:24.271 [info] fatal: not a git repository (or any of the parent directories): .git
2022-11-12 19:41:45.266 [info] > git rev-parse --show-toplevel [7ms]
2022-11-12 19:41:45.266 [info] fatal: not a git repository (or any of the parent directories): .git
2022-11-12 19:43:16.242 [info] > git rev-parse --show-toplevel [3ms]
2022-11-12 19:43:16.242 [info] fatal: not a git repository (or any of the parent directories): .git
2022-11-12 19:44:16.387 [info] > git rev-parse --show-toplevel [2ms]
2022-11-12 19:44:16.387 [info] fatal: not a git repository (or any of the parent directories): .git
2022-11-12 19:52:07.922 [info] > git rev-parse --show-toplevel [8ms]
2022-11-12 19:52:07.923 [info] fatal: not a git repository (or any of the parent directories): .git
2022-11-12 19:52:12.957 [info] > git rev-parse --show-toplevel [4ms]
2022-11-12 19:52:12.957 [info] fatal: not a git repository (or any of the parent directories): .git
2022-11-12 22:13:14.636 [info] > git rev-parse --show-toplevel [6ms]
2022-11-12 22:13:14.637 [info] fatal: not a git repository (or any of the parent directories): .git
2022-11-12 22:13:16.078 [info] > git rev-parse --show-toplevel [4ms]
2022-11-12 22:13:16.078 [info] fatal: not a git repository (or any of the parent directories): .git
2022-11-12 22:13:19.212 [info] > git rev-parse --show-toplevel [4ms]
2022-11-12 22:13:19.212 [info] fatal: not a git repository (or any of the parent directories): .git
2022-11-12 22:13:22.121 [info] > git rev-parse --show-toplevel [3ms]
2022-11-12 22:13:22.121 [info] fatal: not a git repository (or any of the parent directories): .git
2022-11-12 22:26:03.438 [info] > git rev-parse --show-toplevel [8ms]
2022-11-12 22:26:03.438 [info] fatal: not a git repository (or any of the parent directories): .git
2022-11-12 22:27:01.418 [info] > git rev-parse --show-toplevel [24ms]
2022-11-12 22:27:01.418 [info] fatal: not a git repository (or any of the parent directories): .git
2022-11-12 22:27:51.866 [info] > git rev-parse --show-toplevel [5ms]
2022-11-12 22:27:51.866 [info] fatal: not a git repository (or any of the parent directories): .git
2022-11-12 22:30:16.079 [info] > git rev-parse --show-toplevel [16ms]
2022-11-12 22:30:16.080 [info] fatal: not a git repository (or any of the parent directories): .git
2022-11-12 22:30:31.149 [info] > git rev-parse --show-toplevel [3ms]
2022-11-12 22:30:31.150 [info] fatal: not a git repository (or any of the parent directories): .git
2022-11-12 22:31:33.227 [info] > git rev-parse --show-toplevel [11ms]
2022-11-12 22:31:33.227 [info] fatal: not a git repository (or any of the parent directories): .git
2022-11-12 22:32:02.777 [info] > git rev-parse --show-toplevel [4ms]
2022-11-12 22:32:02.777 [info] fatal: not a git repository (or any of the parent directories): .git
2022-11-12 22:32:07.309 [info] > git rev-parse --show-toplevel [6ms]
2022-11-12 22:32:07.309 [info] fatal: not a git repository (or any of the parent directories): .git
2022-11-12 22:32:10.684 [info] > git rev-parse --show-toplevel [4ms]
2022-11-12 22:32:10.684 [info] fatal: not a git repository (or any of the parent directories): .git
